\BOOKMARK [1][-]{section.1}{Introduction and Overview}{}% 1
\BOOKMARK [2][-]{subsection.1.1}{Document Structure}{section.1}% 2
\BOOKMARK [2][-]{subsection.1.2}{Design Principles}{section.1}% 3
\BOOKMARK [1][-]{section.2}{Connection between requirements and design}{}% 4
\BOOKMARK [1][-]{section.3}{Anticipated Changes}{}% 5
\BOOKMARK [1][-]{section.4}{Unlikely Changes}{}% 6
\BOOKMARK [1][-]{section.5}{Decomposition into Components}{}% 7
\BOOKMARK [1][-]{section.6}{Uses hierarchy, or control flow diagram, or inheritance graph}{}% 8
\BOOKMARK [1][-]{section.7}{Traceability from requirements to design components}{}% 9
\BOOKMARK [1][-]{section.8}{Traceability for anticipated changes to components}{}% 10
\BOOKMARK [1][-]{section.9}{Error Handling}{}% 11
\BOOKMARK [1][-]{section.10}{User interface elements descriptions}{}% 12
\BOOKMARK [2][-]{subsection.10.1}{Navigation Flow}{section.10}% 13
\BOOKMARK [2][-]{subsection.10.2}{Norman's Design Principles}{section.10}% 14
\BOOKMARK [2][-]{subsection.10.3}{Landing Page}{section.10}% 15
\BOOKMARK [2][-]{subsection.10.4}{Sign Up}{section.10}% 16
\BOOKMARK [2][-]{subsection.10.5}{Login}{section.10}% 17
\BOOKMARK [2][-]{subsection.10.6}{Bulletin Board}{section.10}% 18
\BOOKMARK [2][-]{subsection.10.7}{House Management}{section.10}% 19
\BOOKMARK [2][-]{subsection.10.8}{Calendar}{section.10}% 20
\BOOKMARK [2][-]{subsection.10.9}{Messages}{section.10}% 21
\BOOKMARK [2][-]{subsection.10.10}{Finances}{section.10}% 22
\BOOKMARK [2][-]{subsection.10.11}{Maintenance}{section.10}% 23
\BOOKMARK [2][-]{subsection.10.12}{Notifications}{section.10}% 24
\BOOKMARK [1][-]{section.11}{Overview of key algorithms}{}% 25
\BOOKMARK [1][-]{section.12}{Relational database structure}{}% 26
\BOOKMARK [1][-]{section.13}{Communication protocols specified}{}% 27
\BOOKMARK [1][-]{section.14}{Description of each component, or UI element, or database table}{}% 28
\BOOKMARK [1][-]{section.15}{Development Details}{}% 29
\BOOKMARK [1][-]{section.16}{References}{}% 30
